c:\users\saturn\source\repos\tictactoecpp\tictactoecpp\debug\tictactoecpp.pch
c:\users\saturn\source\repos\tictactoecpp\tictactoecpp\debug\vc141.pdb
c:\users\saturn\source\repos\tictactoecpp\tictactoecpp\debug\stdafx.obj
c:\users\saturn\source\repos\tictactoecpp\tictactoecpp\debug\form1.obj
c:\users\saturn\source\repos\tictactoecpp\tictactoecpp\debug\cppclr_winformsprojekt.obj
c:\users\saturn\source\repos\tictactoecpp\tictactoecpp\debug\assemblyinfo.obj
c:\users\saturn\source\repos\tictactoecpp\tictactoecpp\debug\.netframework,version=v4.5.2.assemblyattributes.obj
c:\users\saturn\source\repos\tictactoecpp\tictactoecpp\debug\.netframework,version=v4.5.2.assemblyattributes.asm
c:\users\saturn\source\repos\tictactoecpp\debug\tictactoecpp.exe
c:\users\saturn\source\repos\tictactoecpp\debug\tictactoecpp.pdb
c:\users\saturn\source\repos\tictactoecpp\tictactoecpp\debug\app.res
c:\users\saturn\source\repos\tictactoecpp\tictactoecpp\debug\tictactoecpp.form1.resources
c:\users\saturn\source\repos\tictactoecpp\tictactoecpp\debug\tictactoecpp.vcxproj.generateresource.cache
c:\users\saturn\source\repos\tictactoecpp\tictactoecpp\debug\tictactoecpp.tlog\cl.command.1.tlog
c:\users\saturn\source\repos\tictactoecpp\tictactoecpp\debug\tictactoecpp.tlog\cl.read.1.tlog
c:\users\saturn\source\repos\tictactoecpp\tictactoecpp\debug\tictactoecpp.tlog\cl.write.1.tlog
c:\users\saturn\source\repos\tictactoecpp\tictactoecpp\debug\tictactoecpp.tlog\link.command.1.tlog
c:\users\saturn\source\repos\tictactoecpp\tictactoecpp\debug\tictactoecpp.tlog\link.read.1.tlog
c:\users\saturn\source\repos\tictactoecpp\tictactoecpp\debug\tictactoecpp.tlog\link.write.1.tlog
c:\users\saturn\source\repos\tictactoecpp\tictactoecpp\debug\tictactoecpp.tlog\metagen.read.1.tlog
c:\users\saturn\source\repos\tictactoecpp\tictactoecpp\debug\tictactoecpp.tlog\metagen.write.1.tlog
c:\users\saturn\source\repos\tictactoecpp\tictactoecpp\debug\tictactoecpp.tlog\rc.command.1.tlog
c:\users\saturn\source\repos\tictactoecpp\tictactoecpp\debug\tictactoecpp.tlog\rc.read.1.tlog
c:\users\saturn\source\repos\tictactoecpp\tictactoecpp\debug\tictactoecpp.tlog\rc.write.1.tlog
c:\users\saturn\source\repos\tictactoecpp\tictactoecpp\debug\tictactoecpp.tlog\tictactoecpp.write.1u.tlog
